<?xml version="1.0" encoding="UTF-8"?>
<!-- Generated by org.testng.reporters.JUnitXMLReporter -->
<testsuite hostname="DESKTOP-451F43I" name="TestValidationText" tests="1" failures="1" timestamp="5 Mar 2018 20:32:35 GMT" time="12.501" errors="0">
  <testcase name="textValidation" time="0.094" classname="Academy.validatetext">
    <failure type="java.lang.AssertionError" message="expected [CHECK IT OUT] but found []">
      <![CDATA[java.lang.AssertionError: expected [CHECK IT OUT] but found []
	at Academy.validatetext.textValidation(validatetext.java:31)
... Removed 29 stack frames]]>
    </failure>
  </testcase> <!-- textValidation -->
</testsuite> <!-- TestValidationText -->
