<?xml version="1.0" encoding="UTF-8"?>
<!-- Generated by org.testng.reporters.JUnitXMLReporter -->
<testsuite hostname="DESKTOP-451F43I" name="TestvalidateText" tests="1" failures="0" timestamp="5 Mar 2018 20:18:34 GMT" time="0.017" errors="0">
  <testcase name="@BeforeTest initializeBrowser" time="0.0" classname="Academy.validatetext">
    <failure type="java.io.FileNotFoundException" message="C:\Users\Saranya\FullFrameworkProject\src\main\java\resources\data.properties (The system cannot find the path specified)">
      <![CDATA[java.io.FileNotFoundException: C:\Users\Saranya\FullFrameworkProject\src\main\java\resources\data.properties (The system cannot find the path specified)
	at java.io.FileInputStream.open0(Native Method)
	at java.io.FileInputStream.open(Unknown Source)
	at java.io.FileInputStream.<init>(Unknown Source)
	at java.io.FileInputStream.<init>(Unknown Source)
	at resourcesnew.base.initializeDriver(base.java:21)
	at Academy.validatetext.initializeBrowser(validatetext.java:19)
... Removed 22 stack frames]]>
    </failure>
  </testcase> <!-- @BeforeTest initializeBrowser -->
  <testcase name="@AfterTest closeBrowser" time="0.0" classname="Academy.validatetext">
    <skipped/>
  </testcase> <!-- @AfterTest closeBrowser -->
  <testcase name="textValidation" time="0.001" classname="Academy.validatetext">
    <skipped/>
  </testcase> <!-- textValidation -->
</testsuite> <!-- TestvalidateText -->
