-------------------------------------------------------------------------------
Test set: TestSuite
-------------------------------------------------------------------------------
Tests run: 4, Failures: 1, Errors: 0, Skipped: 0, Time elapsed: 60.395 s <<< FAILURE! - in TestSuite
textValidation(Academy.validatetext)  Time elapsed: 0.152 s  <<< FAILURE!
java.lang.AssertionError: expected [CHECK IT OUT] but found []
	at Academy.validatetext.textValidation(validatetext.java:31)

